2016-03-18T09:20:25+00:00 ERR (3): 
exception 'Mage_Core_Exception' with message 'Invalid block type: App_Block_Account_Dashboard_Hello' in D:\xampp\htdocs\magento\app\Mage.php:595
Stack trace:
#0 D:\xampp\htdocs\magento\app\code\core\Mage\Core\Model\Layout.php(495): Mage::throwException('Invalid block t...')
#1 D:\xampp\htdocs\magento\app\code\core\Mage\Core\Model\Layout.php(437): Mage_Core_Model_Layout->_getBlockInstance('customer/accoun...', Array)
#2 D:\xampp\htdocs\magento\app\code\core\Mage\Core\Model\Layout.php(472): Mage_Core_Model_Layout->createBlock('customer/accoun...', 'customer_accoun...')
#3 D:\xampp\htdocs\magento\app\code\core\Mage\Core\Model\Layout.php(239): Mage_Core_Model_Layout->addBlock('customer/accoun...', 'customer_accoun...')
#4 D:\xampp\htdocs\magento\app\code\core\Mage\Core\Model\Layout.php(205): Mage_Core_Model_Layout->_generateBlock(Object(Mage_Core_Model_Layout_Element), Object(Mage_Core_Model_Layout_Element))
#5 D:\xampp\htdocs\magento\app\code\core\Mage\Core\Model\Layout.php(206): Mage_Core_Model_Layout->generateBlocks(Object(Mage_Core_Model_Layout_Element))
#6 D:\xampp\htdocs\magento\app\code\core\Mage\Core\Model\Layout.php(210): Mage_Core_Model_Layout->generateBlocks(Object(Mage_Core_Model_Layout_Element))
#7 D:\xampp\htdocs\magento\app\code\core\Mage\Core\Controller\Varien\Action.php(344): Mage_Core_Model_Layout->generateBlocks()
#8 D:\xampp\htdocs\magento\app\code\core\Mage\Core\Controller\Varien\Action.php(269): Mage_Core_Controller_Varien_Action->generateLayoutBlocks()
#9 D:\xampp\htdocs\magento\app\code\core\Mage\Customer\controllers\AccountController.php(111): Mage_Core_Controller_Varien_Action->loadLayout()
#10 D:\xampp\htdocs\magento\app\code\core\Mage\Core\Controller\Varien\Action.php(418): Mage_Customer_AccountController->indexAction()
#11 D:\xampp\htdocs\magento\app\code\core\Mage\Core\Controller\Varien\Router\Standard.php(254): Mage_Core_Controller_Varien_Action->dispatch('index')
#12 D:\xampp\htdocs\magento\app\code\core\Mage\Core\Controller\Varien\Front.php(172): Mage_Core_Controller_Varien_Router_Standard->match(Object(Mage_Core_Controller_Request_Http))
#13 D:\xampp\htdocs\magento\app\code\core\Mage\Core\Model\App.php(365): Mage_Core_Controller_Varien_Front->dispatch()
#14 D:\xampp\htdocs\magento\app\Mage.php(684): Mage_Core_Model_App->run(Array)
#15 D:\xampp\htdocs\magento\index.php(83): Mage::run('', 'store')
#16 {main}
2016-03-18T09:21:06+00:00 ERR (3): 
exception 'Mage_Core_Exception' with message 'Invalid block type: App_Block_Account_Dashboard_Hello' in D:\xampp\htdocs\magento\app\Mage.php:595
Stack trace:
#0 D:\xampp\htdocs\magento\app\code\core\Mage\Core\Model\Layout.php(495): Mage::throwException('Invalid block t...')
#1 D:\xampp\htdocs\magento\app\code\core\Mage\Core\Model\Layout.php(437): Mage_Core_Model_Layout->_getBlockInstance('customer/accoun...', Array)
#2 D:\xampp\htdocs\magento\app\code\core\Mage\Core\Model\Layout.php(472): Mage_Core_Model_Layout->createBlock('customer/accoun...', 'customer_accoun...')
#3 D:\xampp\htdocs\magento\app\code\core\Mage\Core\Model\Layout.php(239): Mage_Core_Model_Layout->addBlock('customer/accoun...', 'customer_accoun...')
#4 D:\xampp\htdocs\magento\app\code\core\Mage\Core\Model\Layout.php(205): Mage_Core_Model_Layout->_generateBlock(Object(Mage_Core_Model_Layout_Element), Object(Mage_Core_Model_Layout_Element))
#5 D:\xampp\htdocs\magento\app\code\core\Mage\Core\Model\Layout.php(206): Mage_Core_Model_Layout->generateBlocks(Object(Mage_Core_Model_Layout_Element))
#6 D:\xampp\htdocs\magento\app\code\core\Mage\Core\Model\Layout.php(210): Mage_Core_Model_Layout->generateBlocks(Object(Mage_Core_Model_Layout_Element))
#7 D:\xampp\htdocs\magento\app\code\core\Mage\Core\Controller\Varien\Action.php(344): Mage_Core_Model_Layout->generateBlocks()
#8 D:\xampp\htdocs\magento\app\code\core\Mage\Core\Controller\Varien\Action.php(269): Mage_Core_Controller_Varien_Action->generateLayoutBlocks()
#9 D:\xampp\htdocs\magento\app\code\core\Mage\Customer\controllers\AccountController.php(111): Mage_Core_Controller_Varien_Action->loadLayout()
#10 D:\xampp\htdocs\magento\app\code\core\Mage\Core\Controller\Varien\Action.php(418): Mage_Customer_AccountController->indexAction()
#11 D:\xampp\htdocs\magento\app\code\core\Mage\Core\Controller\Varien\Router\Standard.php(254): Mage_Core_Controller_Varien_Action->dispatch('index')
#12 D:\xampp\htdocs\magento\app\code\core\Mage\Core\Controller\Varien\Front.php(172): Mage_Core_Controller_Varien_Router_Standard->match(Object(Mage_Core_Controller_Request_Http))
#13 D:\xampp\htdocs\magento\app\code\core\Mage\Core\Model\App.php(365): Mage_Core_Controller_Varien_Front->dispatch()
#14 D:\xampp\htdocs\magento\app\Mage.php(684): Mage_Core_Model_App->run(Array)
#15 D:\xampp\htdocs\magento\index.php(83): Mage::run('', 'store')
#16 {main}
